<?xml version="1.0" encoding="UTF-8"?>
<!-- Generated by org.testng.reporters.JUnitXMLReporter -->
<testsuite hostname="DESKTOP-NHOIO92" ignored="86" name="EMI Calculator Test" tests="44" failures="0" timestamp="2020-06-24T00:31:23 IST" time="151.45" errors="0">
  <testcase name="validDataCarLoanBoxTest" time="6.806" classname="testScenario_001.TC_02"/>
  <testcase name="validDataCarInterestBoxTest" time="5.791" classname="testScenario_001.TC_03"/>
  <testcase name="validDataCarLoanTenureBoxTest" time="5.963" classname="testScenario_001.TC_04"/>
  <testcase name="invalidDataCarLoanBoxTest" time="7.288" classname="testScenario_001.TC_05"/>
  <testcase name="invalidDataCarInterestBoxTest" time="2.225" classname="testScenario_001.TC_06"/>
  <testcase name="invalidDataCarLoanTenureBoxTest" time="2.157" classname="testScenario_001.TC_07"/>
  <testcase name="validHomeValueAmountTest" time="3.324" classname="testScenario_002.TC_02"/>
  <testcase name="validDownPaymentTextBoxTest" time="2.99" classname="testScenario_002.TC_03"/>
  <testcase name="validLoanInsurance" time="3.668" classname="testScenario_002.TC_04"/>
  <testcase name="validHomeLoanAmount" time="5.123" classname="testScenario_002.TC_05"/>
  <testcase name="validHomeLoanInterest" time="4.458" classname="testScenario_002.TC_06"/>
  <testcase name="validHomeLoanTerm" time="4.967" classname="testScenario_002.TC_07"/>
  <testcase name="validLoanFees" time="4.616" classname="testScenario_002.TC_08"/>
  <testcase name="invalidHomePrice" time="2.998" classname="testScenario_002.TC_09"/>
  <testcase name="invalidDownpayment" time="3.47" classname="testScenario_002.TC_10"/>
  <testcase name="invalidHomeLoanInsuranceAmount" time="4.285" classname="testScenario_002.TC_11"/>
  <testcase name="invalidHomeLoanInterest" time="3.96" classname="testScenario_002.TC_12"/>
  <testcase name="invalidHomeLoanTerm" time="3.886" classname="testScenario_002.TC_13"/>
  <testcase name="invalidLoanFees" time="4.016" classname="testScenario_002.TC_14"/>
  <testcase name="validDataHomeLoanTest" time="6.261" classname="testScenario_002.TC_15"/>
  <testcase name="LoanAmountAndSliderTallyCheck" time="2.186" classname="testScenario_003.TC_01"/>
  <testcase name="sliderAndLoanAmountTallyCheck" time="5.369" classname="testScenario_003.TC_02"/>
  <testcase name="LoanInterestAndSliderTallyCheck" time="1.841" classname="testScenario_003.TC_03"/>
  <testcase name="SliderAndLoanInterestTallyCheck" time="2.425" classname="testScenario_003.TC_04"/>
  <testcase name="LoanTermAndSliderTallyCheck" time="2.212" classname="testScenario_003.TC_05"/>
  <testcase name="sliderAndLoanTermTallyCheck" time="1.698" classname="testScenario_003.TC_06"/>
  <testcase name="LoanFeesAndSliderTallyCheck" time="2.534" classname="testScenario_003.TC_07"/>
  <testcase name="sliderAndLoanFeesTallyCheck" time="2.358" classname="testScenario_003.TC_08"/>
  <testcase name="LAEMIAndSliderTallyCheck" time="2.09" classname="testScenario_003.TC_09"/>
  <testcase name="sliderAndEMITallyCheck" time="4.03" classname="testScenario_003.TC_10"/>
  <testcase name="LALoanInterestAndSliderTallyCheck" time="2.461" classname="testScenario_003.TC_11"/>
  <testcase name="LASliderAndLoanInterestTallyCheck" time="1.893" classname="testScenario_003.TC_12"/>
  <testcase name="LALoanTermAndSliderTallyCheck" time="1.817" classname="testScenario_003.TC_13"/>
  <testcase name="LAsliderAndLoanTermTallyCheck" time="2.327" classname="testScenario_003.TC_14"/>
  <testcase name="LALoanFeesAndSliderTallyCheck" time="2.705" classname="testScenario_003.TC_15"/>
  <testcase name="LAsliderAndLoanFeesTallyCheck" time="2.333" classname="testScenario_003.TC_16"/>
  <testcase name="LTLoanAmountAndSliderTallyCheck" time="2.405" classname="testScenario_003.TC_17"/>
  <testcase name="LTsliderAndLoanAmountTallyCheck" time="5.658" classname="testScenario_003.TC_18"/>
  <testcase name="LTEMIAndSliderTallyCheck" time="1.966" classname="testScenario_003.TC_19"/>
  <testcase name="LTsliderAndEMITallyCheck" time="2.511" classname="testScenario_003.TC_20"/>
  <testcase name="LTLoanInterestAndSliderTallyCheck" time="2.125" classname="testScenario_003.TC_21"/>
  <testcase name="LTSliderAndLoanInterestTallyCheck" time="2.78" classname="testScenario_003.TC_22"/>
  <testcase name="LTLoanFeesAndSliderTallyCheck" time="2.174" classname="testScenario_003.TC_23"/>
  <testcase name="LTsliderAndLoanFeesTallyCheck" time="3.22" classname="testScenario_003.TC_24"/>
  <testcase name="@BeforeSuite getDriver" time="0.0" classname="setup.DriverSetup">
    <ignored/>
  </testcase> <!-- @BeforeSuite getDriver -->
  <testcase name="@BeforeSuite getDriver" time="0.0" classname="setup.DriverSetup">
    <ignored/>
  </testcase> <!-- @BeforeSuite getDriver -->
  <testcase name="@BeforeSuite getDriver" time="0.0" classname="setup.DriverSetup">
    <ignored/>
  </testcase> <!-- @BeforeSuite getDriver -->
  <testcase name="@BeforeSuite getDriver" time="0.0" classname="setup.DriverSetup">
    <ignored/>
  </testcase> <!-- @BeforeSuite getDriver -->
  <testcase name="@BeforeSuite getDriver" time="0.0" classname="setup.DriverSetup">
    <ignored/>
  </testcase> <!-- @BeforeSuite getDriver -->
  <testcase name="@BeforeSuite getDriver" time="0.0" classname="setup.DriverSetup">
    <ignored/>
  </testcase> <!-- @BeforeSuite getDriver -->
  <testcase name="@BeforeSuite getDriver" time="0.0" classname="setup.DriverSetup">
    <ignored/>
  </testcase> <!-- @BeforeSuite getDriver -->
  <testcase name="@BeforeSuite getDriver" time="0.0" classname="setup.DriverSetup">
    <ignored/>
  </testcase> <!-- @BeforeSuite getDriver -->
  <testcase name="@BeforeSuite getDriver" time="0.0" classname="setup.DriverSetup">
    <ignored/>
  </testcase> <!-- @BeforeSuite getDriver -->
  <testcase name="@BeforeSuite getDriver" time="0.0" classname="setup.DriverSetup">
    <ignored/>
  </testcase> <!-- @BeforeSuite getDriver -->
  <testcase name="@BeforeSuite getDriver" time="0.0" classname="setup.DriverSetup">
    <ignored/>
  </testcase> <!-- @BeforeSuite getDriver -->
  <testcase name="@BeforeSuite getDriver" time="0.0" classname="setup.DriverSetup">
    <ignored/>
  </testcase> <!-- @BeforeSuite getDriver -->
  <testcase name="@BeforeSuite getDriver" time="0.0" classname="setup.DriverSetup">
    <ignored/>
  </testcase> <!-- @BeforeSuite getDriver -->
  <testcase name="@BeforeSuite getDriver" time="0.0" classname="setup.DriverSetup">
    <ignored/>
  </testcase> <!-- @BeforeSuite getDriver -->
  <testcase name="@BeforeSuite getDriver" time="0.0" classname="setup.DriverSetup">
    <ignored/>
  </testcase> <!-- @BeforeSuite getDriver -->
  <testcase name="@BeforeSuite getDriver" time="0.0" classname="setup.DriverSetup">
    <ignored/>
  </testcase> <!-- @BeforeSuite getDriver -->
  <testcase name="@BeforeSuite getDriver" time="0.0" classname="setup.DriverSetup">
    <ignored/>
  </testcase> <!-- @BeforeSuite getDriver -->
  <testcase name="@BeforeSuite getDriver" time="0.0" classname="setup.DriverSetup">
    <ignored/>
  </testcase> <!-- @BeforeSuite getDriver -->
  <testcase name="@BeforeSuite getDriver" time="0.0" classname="setup.DriverSetup">
    <ignored/>
  </testcase> <!-- @BeforeSuite getDriver -->
  <testcase name="@BeforeSuite getDriver" time="0.0" classname="setup.DriverSetup">
    <ignored/>
  </testcase> <!-- @BeforeSuite getDriver -->
  <testcase name="@BeforeSuite getDriver" time="0.0" classname="setup.DriverSetup">
    <ignored/>
  </testcase> <!-- @BeforeSuite getDriver -->
  <testcase name="@BeforeSuite getDriver" time="0.0" classname="setup.DriverSetup">
    <ignored/>
  </testcase> <!-- @BeforeSuite getDriver -->
  <testcase name="@BeforeSuite getDriver" time="0.0" classname="setup.DriverSetup">
    <ignored/>
  </testcase> <!-- @BeforeSuite getDriver -->
  <testcase name="@BeforeSuite getDriver" time="0.0" classname="setup.DriverSetup">
    <ignored/>
  </testcase> <!-- @BeforeSuite getDriver -->
  <testcase name="@BeforeSuite getDriver" time="0.0" classname="setup.DriverSetup">
    <ignored/>
  </testcase> <!-- @BeforeSuite getDriver -->
  <testcase name="@BeforeSuite getDriver" time="0.0" classname="setup.DriverSetup">
    <ignored/>
  </testcase> <!-- @BeforeSuite getDriver -->
  <testcase name="@BeforeSuite getDriver" time="0.0" classname="setup.DriverSetup">
    <ignored/>
  </testcase> <!-- @BeforeSuite getDriver -->
  <testcase name="@BeforeSuite getDriver" time="0.0" classname="setup.DriverSetup">
    <ignored/>
  </testcase> <!-- @BeforeSuite getDriver -->
  <testcase name="@BeforeSuite getDriver" time="0.0" classname="setup.DriverSetup">
    <ignored/>
  </testcase> <!-- @BeforeSuite getDriver -->
  <testcase name="@BeforeSuite getDriver" time="0.0" classname="setup.DriverSetup">
    <ignored/>
  </testcase> <!-- @BeforeSuite getDriver -->
  <testcase name="@BeforeSuite getDriver" time="0.0" classname="setup.DriverSetup">
    <ignored/>
  </testcase> <!-- @BeforeSuite getDriver -->
  <testcase name="@BeforeSuite getDriver" time="0.0" classname="setup.DriverSetup">
    <ignored/>
  </testcase> <!-- @BeforeSuite getDriver -->
  <testcase name="@BeforeSuite getDriver" time="0.0" classname="setup.DriverSetup">
    <ignored/>
  </testcase> <!-- @BeforeSuite getDriver -->
  <testcase name="@BeforeSuite getDriver" time="0.0" classname="setup.DriverSetup">
    <ignored/>
  </testcase> <!-- @BeforeSuite getDriver -->
  <testcase name="@BeforeSuite getDriver" time="0.0" classname="setup.DriverSetup">
    <ignored/>
  </testcase> <!-- @BeforeSuite getDriver -->
  <testcase name="@BeforeSuite getDriver" time="0.0" classname="setup.DriverSetup">
    <ignored/>
  </testcase> <!-- @BeforeSuite getDriver -->
  <testcase name="@BeforeSuite getDriver" time="0.0" classname="setup.DriverSetup">
    <ignored/>
  </testcase> <!-- @BeforeSuite getDriver -->
  <testcase name="@BeforeSuite getDriver" time="0.0" classname="setup.DriverSetup">
    <ignored/>
  </testcase> <!-- @BeforeSuite getDriver -->
  <testcase name="@BeforeSuite getDriver" time="0.0" classname="setup.DriverSetup">
    <ignored/>
  </testcase> <!-- @BeforeSuite getDriver -->
  <testcase name="@BeforeSuite getDriver" time="0.0" classname="setup.DriverSetup">
    <ignored/>
  </testcase> <!-- @BeforeSuite getDriver -->
  <testcase name="@BeforeSuite getDriver" time="0.0" classname="setup.DriverSetup">
    <ignored/>
  </testcase> <!-- @BeforeSuite getDriver -->
  <testcase name="@BeforeSuite getDriver" time="0.0" classname="setup.DriverSetup">
    <ignored/>
  </testcase> <!-- @BeforeSuite getDriver -->
  <testcase name="@BeforeSuite getDriver" time="0.0" classname="setup.DriverSetup">
    <ignored/>
  </testcase> <!-- @BeforeSuite getDriver -->
  <testcase name="@AfterSuite closeBrowser" time="0.0" classname="setup.DriverSetup">
    <ignored/>
  </testcase> <!-- @AfterSuite closeBrowser -->
  <testcase name="@AfterSuite closeBrowser" time="0.0" classname="setup.DriverSetup">
    <ignored/>
  </testcase> <!-- @AfterSuite closeBrowser -->
  <testcase name="@AfterSuite closeBrowser" time="0.0" classname="setup.DriverSetup">
    <ignored/>
  </testcase> <!-- @AfterSuite closeBrowser -->
  <testcase name="@AfterSuite closeBrowser" time="0.0" classname="setup.DriverSetup">
    <ignored/>
  </testcase> <!-- @AfterSuite closeBrowser -->
  <testcase name="@AfterSuite closeBrowser" time="0.0" classname="setup.DriverSetup">
    <ignored/>
  </testcase> <!-- @AfterSuite closeBrowser -->
  <testcase name="@AfterSuite closeBrowser" time="0.0" classname="setup.DriverSetup">
    <ignored/>
  </testcase> <!-- @AfterSuite closeBrowser -->
  <testcase name="@AfterSuite closeBrowser" time="0.0" classname="setup.DriverSetup">
    <ignored/>
  </testcase> <!-- @AfterSuite closeBrowser -->
  <testcase name="@AfterSuite closeBrowser" time="0.0" classname="setup.DriverSetup">
    <ignored/>
  </testcase> <!-- @AfterSuite closeBrowser -->
  <testcase name="@AfterSuite closeBrowser" time="0.0" classname="setup.DriverSetup">
    <ignored/>
  </testcase> <!-- @AfterSuite closeBrowser -->
  <testcase name="@AfterSuite closeBrowser" time="0.0" classname="setup.DriverSetup">
    <ignored/>
  </testcase> <!-- @AfterSuite closeBrowser -->
  <testcase name="@AfterSuite closeBrowser" time="0.0" classname="setup.DriverSetup">
    <ignored/>
  </testcase> <!-- @AfterSuite closeBrowser -->
  <testcase name="@AfterSuite closeBrowser" time="0.0" classname="setup.DriverSetup">
    <ignored/>
  </testcase> <!-- @AfterSuite closeBrowser -->
  <testcase name="@AfterSuite closeBrowser" time="0.0" classname="setup.DriverSetup">
    <ignored/>
  </testcase> <!-- @AfterSuite closeBrowser -->
  <testcase name="@AfterSuite closeBrowser" time="0.0" classname="setup.DriverSetup">
    <ignored/>
  </testcase> <!-- @AfterSuite closeBrowser -->
  <testcase name="@AfterSuite closeBrowser" time="0.0" classname="setup.DriverSetup">
    <ignored/>
  </testcase> <!-- @AfterSuite closeBrowser -->
  <testcase name="@AfterSuite closeBrowser" time="0.0" classname="setup.DriverSetup">
    <ignored/>
  </testcase> <!-- @AfterSuite closeBrowser -->
  <testcase name="@AfterSuite closeBrowser" time="0.0" classname="setup.DriverSetup">
    <ignored/>
  </testcase> <!-- @AfterSuite closeBrowser -->
  <testcase name="@AfterSuite closeBrowser" time="0.0" classname="setup.DriverSetup">
    <ignored/>
  </testcase> <!-- @AfterSuite closeBrowser -->
  <testcase name="@AfterSuite closeBrowser" time="0.0" classname="setup.DriverSetup">
    <ignored/>
  </testcase> <!-- @AfterSuite closeBrowser -->
  <testcase name="@AfterSuite closeBrowser" time="0.0" classname="setup.DriverSetup">
    <ignored/>
  </testcase> <!-- @AfterSuite closeBrowser -->
  <testcase name="@AfterSuite closeBrowser" time="0.0" classname="setup.DriverSetup">
    <ignored/>
  </testcase> <!-- @AfterSuite closeBrowser -->
  <testcase name="@AfterSuite closeBrowser" time="0.0" classname="setup.DriverSetup">
    <ignored/>
  </testcase> <!-- @AfterSuite closeBrowser -->
  <testcase name="@AfterSuite closeBrowser" time="0.0" classname="setup.DriverSetup">
    <ignored/>
  </testcase> <!-- @AfterSuite closeBrowser -->
  <testcase name="@AfterSuite closeBrowser" time="0.0" classname="setup.DriverSetup">
    <ignored/>
  </testcase> <!-- @AfterSuite closeBrowser -->
  <testcase name="@AfterSuite closeBrowser" time="0.0" classname="setup.DriverSetup">
    <ignored/>
  </testcase> <!-- @AfterSuite closeBrowser -->
  <testcase name="@AfterSuite closeBrowser" time="0.0" classname="setup.DriverSetup">
    <ignored/>
  </testcase> <!-- @AfterSuite closeBrowser -->
  <testcase name="@AfterSuite closeBrowser" time="0.0" classname="setup.DriverSetup">
    <ignored/>
  </testcase> <!-- @AfterSuite closeBrowser -->
  <testcase name="@AfterSuite closeBrowser" time="0.0" classname="setup.DriverSetup">
    <ignored/>
  </testcase> <!-- @AfterSuite closeBrowser -->
  <testcase name="@AfterSuite closeBrowser" time="0.0" classname="setup.DriverSetup">
    <ignored/>
  </testcase> <!-- @AfterSuite closeBrowser -->
  <testcase name="@AfterSuite closeBrowser" time="0.0" classname="setup.DriverSetup">
    <ignored/>
  </testcase> <!-- @AfterSuite closeBrowser -->
  <testcase name="@AfterSuite closeBrowser" time="0.0" classname="setup.DriverSetup">
    <ignored/>
  </testcase> <!-- @AfterSuite closeBrowser -->
  <testcase name="@AfterSuite closeBrowser" time="0.0" classname="setup.DriverSetup">
    <ignored/>
  </testcase> <!-- @AfterSuite closeBrowser -->
  <testcase name="@AfterSuite closeBrowser" time="0.0" classname="setup.DriverSetup">
    <ignored/>
  </testcase> <!-- @AfterSuite closeBrowser -->
  <testcase name="@AfterSuite closeBrowser" time="0.0" classname="setup.DriverSetup">
    <ignored/>
  </testcase> <!-- @AfterSuite closeBrowser -->
  <testcase name="@AfterSuite closeBrowser" time="0.0" classname="setup.DriverSetup">
    <ignored/>
  </testcase> <!-- @AfterSuite closeBrowser -->
  <testcase name="@AfterSuite closeBrowser" time="0.0" classname="setup.DriverSetup">
    <ignored/>
  </testcase> <!-- @AfterSuite closeBrowser -->
  <testcase name="@AfterSuite closeBrowser" time="0.0" classname="setup.DriverSetup">
    <ignored/>
  </testcase> <!-- @AfterSuite closeBrowser -->
  <testcase name="@AfterSuite closeBrowser" time="0.0" classname="setup.DriverSetup">
    <ignored/>
  </testcase> <!-- @AfterSuite closeBrowser -->
  <testcase name="@AfterSuite closeBrowser" time="0.0" classname="setup.DriverSetup">
    <ignored/>
  </testcase> <!-- @AfterSuite closeBrowser -->
  <testcase name="@AfterSuite closeBrowser" time="0.0" classname="setup.DriverSetup">
    <ignored/>
  </testcase> <!-- @AfterSuite closeBrowser -->
  <testcase name="@AfterSuite closeBrowser" time="0.0" classname="setup.DriverSetup">
    <ignored/>
  </testcase> <!-- @AfterSuite closeBrowser -->
  <testcase name="@AfterSuite closeBrowser" time="0.0" classname="setup.DriverSetup">
    <ignored/>
  </testcase> <!-- @AfterSuite closeBrowser -->
  <testcase name="@AfterSuite closeBrowser" time="0.0" classname="setup.DriverSetup">
    <ignored/>
  </testcase> <!-- @AfterSuite closeBrowser -->
</testsuite> <!-- EMI Calculator Test -->
