<?xml version="1.0" encoding="UTF-8"?>
<!-- Generated by org.testng.reporters.JUnitXMLReporter -->
<testsuite hostname="DESKTOP-NHOIO92" ignored="94" name="Test2" tests="48" failures="0" timestamp="2020-06-22T03:53:46 IST" time="0.121" errors="0">
  <testcase name="@BeforeSuite getDriver" time="-1.592778226196E9" classname="setup.DriverSetup">
    <failure type="org.testng.TestNGException" message="
Parameter &amp;apos;browsers&amp;apos; is required by BeforeSuite on method getDriver but has not been marked @Optional or defined
in D:\851212\emiCalculator-1\Parallel_Execution.xml">
      <![CDATA[org.testng.TestNGException: 
Parameter 'browsers' is required by BeforeSuite on method getDriver but has not been marked @Optional or defined
in D:\851212\emiCalculator-1\Parallel_Execution.xml
... Removed 16 stack frames]]>
    </failure>
  </testcase> <!-- @BeforeSuite getDriver -->
  <testcase name="carLoanPageTest" time="0.0" classname="testScenario_001.TC_01">
    <skipped/>
  </testcase> <!-- carLoanPageTest -->
  <testcase name="validDataCarLoanBoxTest" time="0.0" classname="testScenario_001.TC_02">
    <skipped/>
  </testcase> <!-- validDataCarLoanBoxTest -->
  <testcase name="validDataCarInterestBoxTest" time="0.0" classname="testScenario_001.TC_03">
    <skipped/>
  </testcase> <!-- validDataCarInterestBoxTest -->
  <testcase name="validDataCarLoanTenureBoxTest" time="0.0" classname="testScenario_001.TC_04">
    <skipped/>
  </testcase> <!-- validDataCarLoanTenureBoxTest -->
  <testcase name="invalidDataCarLoanBoxTest" time="0.0" classname="testScenario_001.TC_05">
    <skipped/>
  </testcase> <!-- invalidDataCarLoanBoxTest -->
  <testcase name="invalidDataCarInterestBoxTest" time="0.0" classname="testScenario_001.TC_06">
    <skipped/>
  </testcase> <!-- invalidDataCarInterestBoxTest -->
  <testcase name="invalidDataCarLoanTenureBoxTest" time="0.0" classname="testScenario_001.TC_07">
    <skipped/>
  </testcase> <!-- invalidDataCarLoanTenureBoxTest -->
  <testcase name="validDataCarLoanTest" time="0.0" classname="testScenario_001.TC_08">
    <skipped/>
  </testcase> <!-- validDataCarLoanTest -->
  <testcase name="homeLoanPageTest" time="0.0" classname="testScenario_002.TC_01">
    <skipped/>
  </testcase> <!-- homeLoanPageTest -->
  <testcase name="validHomeValueAmountTest" time="0.0" classname="testScenario_002.TC_02">
    <skipped/>
  </testcase> <!-- validHomeValueAmountTest -->
  <testcase name="validDownPaymentTextBoxTest" time="0.0" classname="testScenario_002.TC_03">
    <skipped/>
  </testcase> <!-- validDownPaymentTextBoxTest -->
  <testcase name="validLoanInsurance" time="0.0" classname="testScenario_002.TC_04">
    <skipped/>
  </testcase> <!-- validLoanInsurance -->
  <testcase name="validHomeLoanAmount" time="0.0" classname="testScenario_002.TC_05">
    <skipped/>
  </testcase> <!-- validHomeLoanAmount -->
  <testcase name="validHomeLoanInterest" time="0.0" classname="testScenario_002.TC_06">
    <skipped/>
  </testcase> <!-- validHomeLoanInterest -->
  <testcase name="validHomeLoanTerm" time="0.0" classname="testScenario_002.TC_07">
    <skipped/>
  </testcase> <!-- validHomeLoanTerm -->
  <testcase name="validLoanFees" time="0.0" classname="testScenario_002.TC_08">
    <skipped/>
  </testcase> <!-- validLoanFees -->
  <testcase name="invalidHomePrice" time="0.0" classname="testScenario_002.TC_09">
    <skipped/>
  </testcase> <!-- invalidHomePrice -->
  <testcase name="invalidDownpayment" time="0.0" classname="testScenario_002.TC_10">
    <skipped/>
  </testcase> <!-- invalidDownpayment -->
  <testcase name="invalidHomeLoanInsuranceAmount" time="0.0" classname="testScenario_002.TC_11">
    <skipped/>
  </testcase> <!-- invalidHomeLoanInsuranceAmount -->
  <testcase name="invalidHomeLoanInterest" time="0.0" classname="testScenario_002.TC_12">
    <skipped/>
  </testcase> <!-- invalidHomeLoanInterest -->
  <testcase name="invalidHomeLoanTerm" time="0.0" classname="testScenario_002.TC_13">
    <skipped/>
  </testcase> <!-- invalidHomeLoanTerm -->
  <testcase name="invalidLoanFees" time="0.0" classname="testScenario_002.TC_14">
    <skipped/>
  </testcase> <!-- invalidLoanFees -->
  <testcase name="validDataHomeLoanTest" time="0.0" classname="testScenario_002.TC_15">
    <skipped/>
  </testcase> <!-- validDataHomeLoanTest -->
  <testcase name="EMICalculatorPageTest" time="0.0" classname="testScenario_003.TC_001">
    <skipped/>
  </testcase> <!-- EMICalculatorPageTest -->
  <testcase name="LoanAmountAndSliderTallyCheck" time="0.0" classname="testScenario_003.TC_01">
    <skipped/>
  </testcase> <!-- LoanAmountAndSliderTallyCheck -->
  <testcase name="sliderAndLoanAmountTallyCheck" time="0.0" classname="testScenario_003.TC_02">
    <skipped/>
  </testcase> <!-- sliderAndLoanAmountTallyCheck -->
  <testcase name="LoanInterestAndSliderTallyCheck" time="0.0" classname="testScenario_003.TC_03">
    <skipped/>
  </testcase> <!-- LoanInterestAndSliderTallyCheck -->
  <testcase name="SliderAndLoanInterestTallyCheck" time="0.0" classname="testScenario_003.TC_04">
    <skipped/>
  </testcase> <!-- SliderAndLoanInterestTallyCheck -->
  <testcase name="LoanTermAndSliderTallyCheck" time="0.0" classname="testScenario_003.TC_05">
    <skipped/>
  </testcase> <!-- LoanTermAndSliderTallyCheck -->
  <testcase name="sliderAndLoanTermTallyCheck" time="0.0" classname="testScenario_003.TC_06">
    <skipped/>
  </testcase> <!-- sliderAndLoanTermTallyCheck -->
  <testcase name="LoanFeesAndSliderTallyCheck" time="0.0" classname="testScenario_003.TC_07">
    <skipped/>
  </testcase> <!-- LoanFeesAndSliderTallyCheck -->
  <testcase name="sliderAndLoanFeesTallyCheck" time="0.0" classname="testScenario_003.TC_08">
    <skipped/>
  </testcase> <!-- sliderAndLoanFeesTallyCheck -->
  <testcase name="LAEMIAndSliderTallyCheck" time="0.0" classname="testScenario_003.TC_09">
    <skipped/>
  </testcase> <!-- LAEMIAndSliderTallyCheck -->
  <testcase name="sliderAndEMITallyCheck" time="0.0" classname="testScenario_003.TC_10">
    <skipped/>
  </testcase> <!-- sliderAndEMITallyCheck -->
  <testcase name="LALoanInterestAndSliderTallyCheck" time="0.0" classname="testScenario_003.TC_11">
    <skipped/>
  </testcase> <!-- LALoanInterestAndSliderTallyCheck -->
  <testcase name="LASliderAndLoanInterestTallyCheck" time="0.0" classname="testScenario_003.TC_12">
    <skipped/>
  </testcase> <!-- LASliderAndLoanInterestTallyCheck -->
  <testcase name="LALoanTermAndSliderTallyCheck" time="0.0" classname="testScenario_003.TC_13">
    <skipped/>
  </testcase> <!-- LALoanTermAndSliderTallyCheck -->
  <testcase name="LAsliderAndLoanTermTallyCheck" time="0.0" classname="testScenario_003.TC_14">
    <skipped/>
  </testcase> <!-- LAsliderAndLoanTermTallyCheck -->
  <testcase name="LALoanFeesAndSliderTallyCheck" time="0.0" classname="testScenario_003.TC_15">
    <skipped/>
  </testcase> <!-- LALoanFeesAndSliderTallyCheck -->
  <testcase name="LAsliderAndLoanFeesTallyCheck" time="0.0" classname="testScenario_003.TC_16">
    <skipped/>
  </testcase> <!-- LAsliderAndLoanFeesTallyCheck -->
  <testcase name="LTLoanAmountAndSliderTallyCheck" time="0.0" classname="testScenario_003.TC_17">
    <skipped/>
  </testcase> <!-- LTLoanAmountAndSliderTallyCheck -->
  <testcase name="LTsliderAndLoanAmountTallyCheck" time="0.0" classname="testScenario_003.TC_18">
    <skipped/>
  </testcase> <!-- LTsliderAndLoanAmountTallyCheck -->
  <testcase name="LTEMIAndSliderTallyCheck" time="0.0" classname="testScenario_003.TC_19">
    <skipped/>
  </testcase> <!-- LTEMIAndSliderTallyCheck -->
  <testcase name="LTsliderAndEMITallyCheck" time="0.0" classname="testScenario_003.TC_20">
    <skipped/>
  </testcase> <!-- LTsliderAndEMITallyCheck -->
  <testcase name="LTLoanInterestAndSliderTallyCheck" time="0.0" classname="testScenario_003.TC_21">
    <skipped/>
  </testcase> <!-- LTLoanInterestAndSliderTallyCheck -->
  <testcase name="LTSliderAndLoanInterestTallyCheck" time="0.0" classname="testScenario_003.TC_22">
    <skipped/>
  </testcase> <!-- LTSliderAndLoanInterestTallyCheck -->
  <testcase name="LTLoanFeesAndSliderTallyCheck" time="0.0" classname="testScenario_003.TC_23">
    <skipped/>
  </testcase> <!-- LTLoanFeesAndSliderTallyCheck -->
  <testcase name="LTsliderAndLoanFeesTallyCheck" time="0.0" classname="testScenario_003.TC_24">
    <skipped/>
  </testcase> <!-- LTsliderAndLoanFeesTallyCheck -->
  <testcase name="@BeforeSuite getDriver" time="0.0" classname="setup.DriverSetup">
    <ignored/>
  </testcase> <!-- @BeforeSuite getDriver -->
  <testcase name="@BeforeSuite getDriver" time="0.0" classname="setup.DriverSetup">
    <ignored/>
  </testcase> <!-- @BeforeSuite getDriver -->
  <testcase name="@BeforeSuite getDriver" time="0.0" classname="setup.DriverSetup">
    <ignored/>
  </testcase> <!-- @BeforeSuite getDriver -->
  <testcase name="@BeforeSuite getDriver" time="0.0" classname="setup.DriverSetup">
    <ignored/>
  </testcase> <!-- @BeforeSuite getDriver -->
  <testcase name="@BeforeSuite getDriver" time="0.0" classname="setup.DriverSetup">
    <ignored/>
  </testcase> <!-- @BeforeSuite getDriver -->
  <testcase name="@BeforeSuite getDriver" time="0.0" classname="setup.DriverSetup">
    <ignored/>
  </testcase> <!-- @BeforeSuite getDriver -->
  <testcase name="@BeforeSuite getDriver" time="0.0" classname="setup.DriverSetup">
    <ignored/>
  </testcase> <!-- @BeforeSuite getDriver -->
  <testcase name="@BeforeSuite getDriver" time="0.0" classname="setup.DriverSetup">
    <ignored/>
  </testcase> <!-- @BeforeSuite getDriver -->
  <testcase name="@BeforeSuite getDriver" time="0.0" classname="setup.DriverSetup">
    <ignored/>
  </testcase> <!-- @BeforeSuite getDriver -->
  <testcase name="@BeforeSuite getDriver" time="0.0" classname="setup.DriverSetup">
    <ignored/>
  </testcase> <!-- @BeforeSuite getDriver -->
  <testcase name="@BeforeSuite getDriver" time="0.0" classname="setup.DriverSetup">
    <ignored/>
  </testcase> <!-- @BeforeSuite getDriver -->
  <testcase name="@BeforeSuite getDriver" time="0.0" classname="setup.DriverSetup">
    <ignored/>
  </testcase> <!-- @BeforeSuite getDriver -->
  <testcase name="@BeforeSuite getDriver" time="0.0" classname="setup.DriverSetup">
    <ignored/>
  </testcase> <!-- @BeforeSuite getDriver -->
  <testcase name="@BeforeSuite getDriver" time="0.0" classname="setup.DriverSetup">
    <ignored/>
  </testcase> <!-- @BeforeSuite getDriver -->
  <testcase name="@BeforeSuite getDriver" time="0.0" classname="setup.DriverSetup">
    <ignored/>
  </testcase> <!-- @BeforeSuite getDriver -->
  <testcase name="@BeforeSuite getDriver" time="0.0" classname="setup.DriverSetup">
    <ignored/>
  </testcase> <!-- @BeforeSuite getDriver -->
  <testcase name="@BeforeSuite getDriver" time="0.0" classname="setup.DriverSetup">
    <ignored/>
  </testcase> <!-- @BeforeSuite getDriver -->
  <testcase name="@BeforeSuite getDriver" time="0.0" classname="setup.DriverSetup">
    <ignored/>
  </testcase> <!-- @BeforeSuite getDriver -->
  <testcase name="@BeforeSuite getDriver" time="0.0" classname="setup.DriverSetup">
    <ignored/>
  </testcase> <!-- @BeforeSuite getDriver -->
  <testcase name="@BeforeSuite getDriver" time="0.0" classname="setup.DriverSetup">
    <ignored/>
  </testcase> <!-- @BeforeSuite getDriver -->
  <testcase name="@BeforeSuite getDriver" time="0.0" classname="setup.DriverSetup">
    <ignored/>
  </testcase> <!-- @BeforeSuite getDriver -->
  <testcase name="@BeforeSuite getDriver" time="0.0" classname="setup.DriverSetup">
    <ignored/>
  </testcase> <!-- @BeforeSuite getDriver -->
  <testcase name="@BeforeSuite getDriver" time="0.0" classname="setup.DriverSetup">
    <ignored/>
  </testcase> <!-- @BeforeSuite getDriver -->
  <testcase name="@BeforeSuite getDriver" time="0.0" classname="setup.DriverSetup">
    <ignored/>
  </testcase> <!-- @BeforeSuite getDriver -->
  <testcase name="@BeforeSuite getDriver" time="0.0" classname="setup.DriverSetup">
    <ignored/>
  </testcase> <!-- @BeforeSuite getDriver -->
  <testcase name="@BeforeSuite getDriver" time="0.0" classname="setup.DriverSetup">
    <ignored/>
  </testcase> <!-- @BeforeSuite getDriver -->
  <testcase name="@BeforeSuite getDriver" time="0.0" classname="setup.DriverSetup">
    <ignored/>
  </testcase> <!-- @BeforeSuite getDriver -->
  <testcase name="@BeforeSuite getDriver" time="0.0" classname="setup.DriverSetup">
    <ignored/>
  </testcase> <!-- @BeforeSuite getDriver -->
  <testcase name="@BeforeSuite getDriver" time="0.0" classname="setup.DriverSetup">
    <ignored/>
  </testcase> <!-- @BeforeSuite getDriver -->
  <testcase name="@BeforeSuite getDriver" time="0.0" classname="setup.DriverSetup">
    <ignored/>
  </testcase> <!-- @BeforeSuite getDriver -->
  <testcase name="@BeforeSuite getDriver" time="0.0" classname="setup.DriverSetup">
    <ignored/>
  </testcase> <!-- @BeforeSuite getDriver -->
  <testcase name="@BeforeSuite getDriver" time="0.0" classname="setup.DriverSetup">
    <ignored/>
  </testcase> <!-- @BeforeSuite getDriver -->
  <testcase name="@BeforeSuite getDriver" time="0.0" classname="setup.DriverSetup">
    <ignored/>
  </testcase> <!-- @BeforeSuite getDriver -->
  <testcase name="@BeforeSuite getDriver" time="0.0" classname="setup.DriverSetup">
    <ignored/>
  </testcase> <!-- @BeforeSuite getDriver -->
  <testcase name="@BeforeSuite getDriver" time="0.0" classname="setup.DriverSetup">
    <ignored/>
  </testcase> <!-- @BeforeSuite getDriver -->
  <testcase name="@BeforeSuite getDriver" time="0.0" classname="setup.DriverSetup">
    <ignored/>
  </testcase> <!-- @BeforeSuite getDriver -->
  <testcase name="@BeforeSuite getDriver" time="0.0" classname="setup.DriverSetup">
    <ignored/>
  </testcase> <!-- @BeforeSuite getDriver -->
  <testcase name="@BeforeSuite getDriver" time="0.0" classname="setup.DriverSetup">
    <ignored/>
  </testcase> <!-- @BeforeSuite getDriver -->
  <testcase name="@BeforeSuite getDriver" time="0.0" classname="setup.DriverSetup">
    <ignored/>
  </testcase> <!-- @BeforeSuite getDriver -->
  <testcase name="@BeforeSuite getDriver" time="0.0" classname="setup.DriverSetup">
    <ignored/>
  </testcase> <!-- @BeforeSuite getDriver -->
  <testcase name="@BeforeSuite getDriver" time="0.0" classname="setup.DriverSetup">
    <ignored/>
  </testcase> <!-- @BeforeSuite getDriver -->
  <testcase name="@BeforeSuite getDriver" time="0.0" classname="setup.DriverSetup">
    <ignored/>
  </testcase> <!-- @BeforeSuite getDriver -->
  <testcase name="@BeforeSuite getDriver" time="0.0" classname="setup.DriverSetup">
    <ignored/>
  </testcase> <!-- @BeforeSuite getDriver -->
  <testcase name="@BeforeSuite getDriver" time="0.0" classname="setup.DriverSetup">
    <ignored/>
  </testcase> <!-- @BeforeSuite getDriver -->
  <testcase name="@BeforeSuite getDriver" time="0.0" classname="setup.DriverSetup">
    <ignored/>
  </testcase> <!-- @BeforeSuite getDriver -->
  <testcase name="@BeforeSuite getDriver" time="0.0" classname="setup.DriverSetup">
    <ignored/>
  </testcase> <!-- @BeforeSuite getDriver -->
  <testcase name="@BeforeSuite getDriver" time="0.0" classname="setup.DriverSetup">
    <ignored/>
  </testcase> <!-- @BeforeSuite getDriver -->
  <testcase name="@AfterSuite closeBrowser" time="0.0" classname="setup.DriverSetup">
    <ignored/>
  </testcase> <!-- @AfterSuite closeBrowser -->
  <testcase name="@AfterSuite closeBrowser" time="0.0" classname="setup.DriverSetup">
    <ignored/>
  </testcase> <!-- @AfterSuite closeBrowser -->
  <testcase name="@AfterSuite closeBrowser" time="0.0" classname="setup.DriverSetup">
    <ignored/>
  </testcase> <!-- @AfterSuite closeBrowser -->
  <testcase name="@AfterSuite closeBrowser" time="0.0" classname="setup.DriverSetup">
    <ignored/>
  </testcase> <!-- @AfterSuite closeBrowser -->
  <testcase name="@AfterSuite closeBrowser" time="0.0" classname="setup.DriverSetup">
    <ignored/>
  </testcase> <!-- @AfterSuite closeBrowser -->
  <testcase name="@AfterSuite closeBrowser" time="0.0" classname="setup.DriverSetup">
    <ignored/>
  </testcase> <!-- @AfterSuite closeBrowser -->
  <testcase name="@AfterSuite closeBrowser" time="0.0" classname="setup.DriverSetup">
    <ignored/>
  </testcase> <!-- @AfterSuite closeBrowser -->
  <testcase name="@AfterSuite closeBrowser" time="0.0" classname="setup.DriverSetup">
    <ignored/>
  </testcase> <!-- @AfterSuite closeBrowser -->
  <testcase name="@AfterSuite closeBrowser" time="0.0" classname="setup.DriverSetup">
    <ignored/>
  </testcase> <!-- @AfterSuite closeBrowser -->
  <testcase name="@AfterSuite closeBrowser" time="0.0" classname="setup.DriverSetup">
    <ignored/>
  </testcase> <!-- @AfterSuite closeBrowser -->
  <testcase name="@AfterSuite closeBrowser" time="0.0" classname="setup.DriverSetup">
    <ignored/>
  </testcase> <!-- @AfterSuite closeBrowser -->
  <testcase name="@AfterSuite closeBrowser" time="0.0" classname="setup.DriverSetup">
    <ignored/>
  </testcase> <!-- @AfterSuite closeBrowser -->
  <testcase name="@AfterSuite closeBrowser" time="0.0" classname="setup.DriverSetup">
    <ignored/>
  </testcase> <!-- @AfterSuite closeBrowser -->
  <testcase name="@AfterSuite closeBrowser" time="0.0" classname="setup.DriverSetup">
    <ignored/>
  </testcase> <!-- @AfterSuite closeBrowser -->
  <testcase name="@AfterSuite closeBrowser" time="0.0" classname="setup.DriverSetup">
    <ignored/>
  </testcase> <!-- @AfterSuite closeBrowser -->
  <testcase name="@AfterSuite closeBrowser" time="0.0" classname="setup.DriverSetup">
    <ignored/>
  </testcase> <!-- @AfterSuite closeBrowser -->
  <testcase name="@AfterSuite closeBrowser" time="0.0" classname="setup.DriverSetup">
    <ignored/>
  </testcase> <!-- @AfterSuite closeBrowser -->
  <testcase name="@AfterSuite closeBrowser" time="0.0" classname="setup.DriverSetup">
    <ignored/>
  </testcase> <!-- @AfterSuite closeBrowser -->
  <testcase name="@AfterSuite closeBrowser" time="0.0" classname="setup.DriverSetup">
    <ignored/>
  </testcase> <!-- @AfterSuite closeBrowser -->
  <testcase name="@AfterSuite closeBrowser" time="0.0" classname="setup.DriverSetup">
    <ignored/>
  </testcase> <!-- @AfterSuite closeBrowser -->
  <testcase name="@AfterSuite closeBrowser" time="0.0" classname="setup.DriverSetup">
    <ignored/>
  </testcase> <!-- @AfterSuite closeBrowser -->
  <testcase name="@AfterSuite closeBrowser" time="0.0" classname="setup.DriverSetup">
    <ignored/>
  </testcase> <!-- @AfterSuite closeBrowser -->
  <testcase name="@AfterSuite closeBrowser" time="0.0" classname="setup.DriverSetup">
    <ignored/>
  </testcase> <!-- @AfterSuite closeBrowser -->
  <testcase name="@AfterSuite closeBrowser" time="0.0" classname="setup.DriverSetup">
    <ignored/>
  </testcase> <!-- @AfterSuite closeBrowser -->
  <testcase name="@AfterSuite closeBrowser" time="0.0" classname="setup.DriverSetup">
    <ignored/>
  </testcase> <!-- @AfterSuite closeBrowser -->
  <testcase name="@AfterSuite closeBrowser" time="0.0" classname="setup.DriverSetup">
    <ignored/>
  </testcase> <!-- @AfterSuite closeBrowser -->
  <testcase name="@AfterSuite closeBrowser" time="0.0" classname="setup.DriverSetup">
    <ignored/>
  </testcase> <!-- @AfterSuite closeBrowser -->
  <testcase name="@AfterSuite closeBrowser" time="0.0" classname="setup.DriverSetup">
    <ignored/>
  </testcase> <!-- @AfterSuite closeBrowser -->
  <testcase name="@AfterSuite closeBrowser" time="0.0" classname="setup.DriverSetup">
    <ignored/>
  </testcase> <!-- @AfterSuite closeBrowser -->
  <testcase name="@AfterSuite closeBrowser" time="0.0" classname="setup.DriverSetup">
    <ignored/>
  </testcase> <!-- @AfterSuite closeBrowser -->
  <testcase name="@AfterSuite closeBrowser" time="0.0" classname="setup.DriverSetup">
    <ignored/>
  </testcase> <!-- @AfterSuite closeBrowser -->
  <testcase name="@AfterSuite closeBrowser" time="0.0" classname="setup.DriverSetup">
    <ignored/>
  </testcase> <!-- @AfterSuite closeBrowser -->
  <testcase name="@AfterSuite closeBrowser" time="0.0" classname="setup.DriverSetup">
    <ignored/>
  </testcase> <!-- @AfterSuite closeBrowser -->
  <testcase name="@AfterSuite closeBrowser" time="0.0" classname="setup.DriverSetup">
    <ignored/>
  </testcase> <!-- @AfterSuite closeBrowser -->
  <testcase name="@AfterSuite closeBrowser" time="0.0" classname="setup.DriverSetup">
    <ignored/>
  </testcase> <!-- @AfterSuite closeBrowser -->
  <testcase name="@AfterSuite closeBrowser" time="0.0" classname="setup.DriverSetup">
    <ignored/>
  </testcase> <!-- @AfterSuite closeBrowser -->
  <testcase name="@AfterSuite closeBrowser" time="0.0" classname="setup.DriverSetup">
    <ignored/>
  </testcase> <!-- @AfterSuite closeBrowser -->
  <testcase name="@AfterSuite closeBrowser" time="0.0" classname="setup.DriverSetup">
    <ignored/>
  </testcase> <!-- @AfterSuite closeBrowser -->
  <testcase name="@AfterSuite closeBrowser" time="0.0" classname="setup.DriverSetup">
    <ignored/>
  </testcase> <!-- @AfterSuite closeBrowser -->
  <testcase name="@AfterSuite closeBrowser" time="0.0" classname="setup.DriverSetup">
    <ignored/>
  </testcase> <!-- @AfterSuite closeBrowser -->
  <testcase name="@AfterSuite closeBrowser" time="0.0" classname="setup.DriverSetup">
    <ignored/>
  </testcase> <!-- @AfterSuite closeBrowser -->
  <testcase name="@AfterSuite closeBrowser" time="0.0" classname="setup.DriverSetup">
    <ignored/>
  </testcase> <!-- @AfterSuite closeBrowser -->
  <testcase name="@AfterSuite closeBrowser" time="0.0" classname="setup.DriverSetup">
    <ignored/>
  </testcase> <!-- @AfterSuite closeBrowser -->
  <testcase name="@AfterSuite closeBrowser" time="0.0" classname="setup.DriverSetup">
    <ignored/>
  </testcase> <!-- @AfterSuite closeBrowser -->
  <testcase name="@AfterSuite closeBrowser" time="0.0" classname="setup.DriverSetup">
    <ignored/>
  </testcase> <!-- @AfterSuite closeBrowser -->
  <testcase name="@AfterSuite closeBrowser" time="0.0" classname="setup.DriverSetup">
    <ignored/>
  </testcase> <!-- @AfterSuite closeBrowser -->
  <testcase name="@AfterSuite closeBrowser" time="0.0" classname="setup.DriverSetup">
    <ignored/>
  </testcase> <!-- @AfterSuite closeBrowser -->
</testsuite> <!-- Test2 -->
